This file contains any messages produced by compilers while
running configure, to aid debugging if configure makes a mistake.

It was created by protobuf configure 2.0.3, which was
generated by GNU Autoconf 2.59.  Invocation command line was

  $ ./configure 

## --------- ##
## Platform. ##
## --------- ##

hostname = cymac
uname -m = i386
uname -r = 9.7.0
uname -s = Darwin
uname -v = Darwin Kernel Version 9.7.0: Tue Mar 31 22:52:17 PDT 2009; root:xnu-1228.12.14~1/RELEASE_I386

/usr/bin/uname -p = i386
/bin/uname -X     = unknown

/bin/arch              = unknown
/usr/bin/arch -k       = unknown
/usr/convex/getsysinfo = unknown
hostinfo               = Mach kernel version:
	 Darwin Kernel Version 9.7.0: Tue Mar 31 22:52:17 PDT 2009; root:xnu-1228.12.14~1/RELEASE_I386
Kernel configured for up to 2 processors.
2 processors are physically available.
2 processors are logically available.
Processor type: i486 (Intel 80486)
Processors active: 0 1
Primary memory available: 4.00 gigabytes
Default processor set: 96 tasks, 480 threads, 2 processors
Load average: 0.88, Mach factor: 1.18
/bin/machine           = unknown
/usr/bin/oslevel       = unknown
/bin/universe          = unknown

PATH: /sw/bin
PATH: /sw/sbin
PATH: /opt/subversion/bin
PATH: /opt/local/bin
PATH: /opt/local/sbin
PATH: /Users/cyrusn/bin
PATH: /usr/bin
PATH: /bin
PATH: /usr/sbin
PATH: /sbin
PATH: /usr/local/bin
PATH: /usr/X11/bin
PATH: /usr/X11R6/bin


## ----------- ##
## Core tests. ##
## ----------- ##

configure:1549: checking for a BSD-compatible install
configure:1604: result: /usr/bin/install -c
configure:1615: checking whether build environment is sane
configure:1658: result: yes
configure:1723: checking for gawk
configure:1752: result: no
configure:1723: checking for mawk
configure:1752: result: no
configure:1723: checking for nawk
configure:1752: result: no
configure:1723: checking for awk
configure:1739: found /usr/bin/awk
configure:1749: result: awk
configure:1759: checking whether make sets $(MAKE)
configure:1779: result: yes
configure:1995: checking for gcc
configure:2011: found /usr/bin/gcc
configure:2021: result: gcc
configure:2265: checking for C compiler version
configure:2268: gcc --version </dev/null >&5
i686-apple-darwin9-gcc-4.0.1 (GCC) 4.0.1 (Apple Inc. build 5493)
Copyright (C) 2005 Free Software Foundation, Inc.
This is free software; see the source for copying conditions.  There is NO
warranty; not even for MERCHANTABILITY or FITNESS FOR A PARTICULAR PURPOSE.

configure:2271: $? = 0
configure:2273: gcc -v </dev/null >&5
Using built-in specs.
Target: i686-apple-darwin9
Configured with: /var/tmp/gcc/gcc-5493~1/src/configure --disable-checking -enable-werror --prefix=/usr --mandir=/share/man --enable-languages=c,objc,c++,obj-c++ --program-transform-name=/^[cg][^.-]*$/s/$/-4.0/ --with-gxx-include-dir=/include/c++/4.0.0 --with-slibdir=/usr/lib --build=i686-apple-darwin9 --with-arch=apple --with-tune=generic --host=i686-apple-darwin9 --target=i686-apple-darwin9
Thread model: posix
gcc version 4.0.1 (Apple Inc. build 5493)
configure:2276: $? = 0
configure:2278: gcc -V </dev/null >&5
gcc-4.0: argument to `-V' is missing
configure:2281: $? = 1
configure:2304: checking for C compiler default output file name
configure:2307: gcc    conftest.c  >&5
configure:2310: $? = 0
configure:2356: result: a.out
configure:2361: checking whether the C compiler works
configure:2367: ./a.out
configure:2370: $? = 0
configure:2387: result: yes
configure:2394: checking whether we are cross compiling
configure:2396: result: no
configure:2399: checking for suffix of executables
configure:2401: gcc -o conftest    conftest.c  >&5
configure:2404: $? = 0
configure:2429: result: 
configure:2435: checking for suffix of object files
configure:2456: gcc -c   conftest.c >&5
configure:2459: $? = 0
configure:2481: result: o
configure:2485: checking whether we are using the GNU C compiler
configure:2509: gcc -c   conftest.c >&5
configure:2515: $? = 0
configure:2518: test -z 			 || test ! -s conftest.err
configure:2521: $? = 0
configure:2524: test -s conftest.o
configure:2527: $? = 0
configure:2540: result: yes
configure:2546: checking whether gcc accepts -g
configure:2567: gcc -c -g  conftest.c >&5
configure:2573: $? = 0
configure:2576: test -z 			 || test ! -s conftest.err
configure:2579: $? = 0
configure:2582: test -s conftest.o
configure:2585: $? = 0
configure:2596: result: yes
configure:2613: checking for gcc option to accept ANSI C
configure:2683: gcc  -c -g -O2  conftest.c >&5
configure:2689: $? = 0
configure:2692: test -z 			 || test ! -s conftest.err
configure:2695: $? = 0
configure:2698: test -s conftest.o
configure:2701: $? = 0
configure:2719: result: none needed
configure:2737: gcc -c -g -O2  conftest.c >&5
conftest.c:2: error: syntax error before 'me'
configure:2743: $? = 1
configure: failed program was:
| #ifndef __cplusplus
|   choke me
| #endif
configure:2884: checking for style of include used by make
configure:2912: result: GNU
configure:2940: checking dependency style of gcc
configure:3030: result: gcc3
configure:3099: checking for g++
configure:3115: found /usr/bin/g++
configure:3125: result: g++
configure:3141: checking for C++ compiler version
configure:3144: g++ --version </dev/null >&5
i686-apple-darwin9-g++-4.0.1 (GCC) 4.0.1 (Apple Inc. build 5493)
Copyright (C) 2005 Free Software Foundation, Inc.
This is free software; see the source for copying conditions.  There is NO
warranty; not even for MERCHANTABILITY or FITNESS FOR A PARTICULAR PURPOSE.

configure:3147: $? = 0
configure:3149: g++ -v </dev/null >&5
Using built-in specs.
Target: i686-apple-darwin9
Configured with: /var/tmp/gcc/gcc-5493~1/src/configure --disable-checking -enable-werror --prefix=/usr --mandir=/share/man --enable-languages=c,objc,c++,obj-c++ --program-transform-name=/^[cg][^.-]*$/s/$/-4.0/ --with-gxx-include-dir=/include/c++/4.0.0 --with-slibdir=/usr/lib --build=i686-apple-darwin9 --with-arch=apple --with-tune=generic --host=i686-apple-darwin9 --target=i686-apple-darwin9
Thread model: posix
gcc version 4.0.1 (Apple Inc. build 5493)
configure:3152: $? = 0
configure:3154: g++ -V </dev/null >&5
g++-4.0: argument to `-V' is missing
configure:3157: $? = 1
configure:3160: checking whether we are using the GNU C++ compiler
configure:3184: g++ -c   conftest.cc >&5
configure:3190: $? = 0
configure:3193: test -z 			 || test ! -s conftest.err
configure:3196: $? = 0
configure:3199: test -s conftest.o
configure:3202: $? = 0
configure:3215: result: yes
configure:3221: checking whether g++ accepts -g
configure:3242: g++ -c -g  conftest.cc >&5
configure:3248: $? = 0
configure:3251: test -z 			 || test ! -s conftest.err
configure:3254: $? = 0
configure:3257: test -s conftest.o
configure:3260: $? = 0
configure:3271: result: yes
configure:3313: g++ -c -g -O2  conftest.cc >&5
configure:3319: $? = 0
configure:3322: test -z 			 || test ! -s conftest.err
configure:3325: $? = 0
configure:3328: test -s conftest.o
configure:3331: $? = 0
configure:3357: g++ -c -g -O2  conftest.cc >&5
conftest.cc: In function 'int main()':
conftest.cc:15: error: 'exit' was not declared in this scope
configure:3363: $? = 1
configure: failed program was:
| /* confdefs.h.  */
| 
| #define PACKAGE_NAME "protobuf"
| #define PACKAGE_TARNAME "protobuf"
| #define PACKAGE_VERSION "2.0.3"
| #define PACKAGE_STRING "protobuf 2.0.3"
| #define PACKAGE_BUGREPORT "protobuf@googlegroups.com"
| #define PACKAGE "protobuf"
| #define VERSION "2.0.3"
| /* end confdefs.h.  */
| 
| int
| main ()
| {
| exit (42);
|   ;
|   return 0;
| }
configure:3313: g++ -c -g -O2  conftest.cc >&5
/usr/include/stdlib.h:159: error: declaration of 'void std::exit(int)' throws different exceptions
conftest.cc:11: error: than previous declaration 'void std::exit(int) throw ()'
configure:3319: $? = 1
configure: failed program was:
| /* confdefs.h.  */
| 
| #define PACKAGE_NAME "protobuf"
| #define PACKAGE_TARNAME "protobuf"
| #define PACKAGE_VERSION "2.0.3"
| #define PACKAGE_STRING "protobuf 2.0.3"
| #define PACKAGE_BUGREPORT "protobuf@googlegroups.com"
| #define PACKAGE "protobuf"
| #define VERSION "2.0.3"
| /* end confdefs.h.  */
| extern "C" void std::exit (int) throw (); using std::exit;
| #include <stdlib.h>
| int
| main ()
| {
| exit (42);
|   ;
|   return 0;
| }
configure:3313: g++ -c -g -O2  conftest.cc >&5
configure:3319: $? = 0
configure:3322: test -z 			 || test ! -s conftest.err
configure:3325: $? = 0
configure:3328: test -s conftest.o
configure:3331: $? = 0
configure:3357: g++ -c -g -O2  conftest.cc >&5
configure:3363: $? = 0
configure:3366: test -z 			 || test ! -s conftest.err
configure:3369: $? = 0
configure:3372: test -s conftest.o
configure:3375: $? = 0
configure:3400: checking dependency style of g++
configure:3490: result: gcc3
configure:3519: checking how to run the C preprocessor
configure:3554: gcc -E  conftest.c
configure:3560: $? = 0
configure:3592: gcc -E  conftest.c
conftest.c:15:28: error: ac_nonexistent.h: No such file or directory
configure:3598: $? = 1
configure: failed program was:
| /* confdefs.h.  */
| 
| #define PACKAGE_NAME "protobuf"
| #define PACKAGE_TARNAME "protobuf"
| #define PACKAGE_VERSION "2.0.3"
| #define PACKAGE_STRING "protobuf 2.0.3"
| #define PACKAGE_BUGREPORT "protobuf@googlegroups.com"
| #define PACKAGE "protobuf"
| #define VERSION "2.0.3"
| #ifdef __cplusplus
| extern "C" void std::exit (int); using std::exit;
| #endif
| #define _GNU_SOURCE 1
| /* end confdefs.h.  */
| #include <ac_nonexistent.h>
configure:3637: result: gcc -E
configure:3661: gcc -E  conftest.c
configure:3667: $? = 0
configure:3699: gcc -E  conftest.c
conftest.c:15:28: error: ac_nonexistent.h: No such file or directory
configure:3705: $? = 1
configure: failed program was:
| /* confdefs.h.  */
| 
| #define PACKAGE_NAME "protobuf"
| #define PACKAGE_TARNAME "protobuf"
| #define PACKAGE_VERSION "2.0.3"
| #define PACKAGE_STRING "protobuf 2.0.3"
| #define PACKAGE_BUGREPORT "protobuf@googlegroups.com"
| #define PACKAGE "protobuf"
| #define VERSION "2.0.3"
| #ifdef __cplusplus
| extern "C" void std::exit (int); using std::exit;
| #endif
| #define _GNU_SOURCE 1
| /* end confdefs.h.  */
| #include <ac_nonexistent.h>
configure:3749: checking for egrep
configure:3759: result: grep -E
configure:3765: checking for AIX
configure:3787: result: no
configure:3793: checking for ANSI C header files
configure:3818: gcc -c -g -O2  conftest.c >&5
configure:3824: $? = 0
configure:3827: test -z 			 || test ! -s conftest.err
configure:3830: $? = 0
configure:3833: test -s conftest.o
configure:3836: $? = 0
configure:3925: gcc -o conftest -g -O2   conftest.c  >&5
conftest.c: In function 'main':
conftest.c:32: warning: incompatible implicit declaration of built-in function 'exit'
configure:3928: $? = 0
configure:3930: ./conftest
configure:3933: $? = 0
configure:3948: result: yes
configure:3972: checking for sys/types.h
configure:3988: gcc -c -g -O2  conftest.c >&5
configure:3994: $? = 0
configure:3997: test -z 			 || test ! -s conftest.err
configure:4000: $? = 0
configure:4003: test -s conftest.o
configure:4006: $? = 0
configure:4017: result: yes
configure:3972: checking for sys/stat.h
configure:3988: gcc -c -g -O2  conftest.c >&5
configure:3994: $? = 0
configure:3997: test -z 			 || test ! -s conftest.err
configure:4000: $? = 0
configure:4003: test -s conftest.o
configure:4006: $? = 0
configure:4017: result: yes
configure:3972: checking for stdlib.h
configure:3988: gcc -c -g -O2  conftest.c >&5
configure:3994: $? = 0
configure:3997: test -z 			 || test ! -s conftest.err
configure:4000: $? = 0
configure:4003: test -s conftest.o
configure:4006: $? = 0
configure:4017: result: yes
configure:3972: checking for string.h
configure:3988: gcc -c -g -O2  conftest.c >&5
configure:3994: $? = 0
configure:3997: test -z 			 || test ! -s conftest.err
configure:4000: $? = 0
configure:4003: test -s conftest.o
configure:4006: $? = 0
configure:4017: result: yes
configure:3972: checking for memory.h
configure:3988: gcc -c -g -O2  conftest.c >&5
configure:3994: $? = 0
configure:3997: test -z 			 || test ! -s conftest.err
configure:4000: $? = 0
configure:4003: test -s conftest.o
configure:4006: $? = 0
configure:4017: result: yes
configure:3972: checking for strings.h
configure:3988: gcc -c -g -O2  conftest.c >&5
configure:3994: $? = 0
configure:3997: test -z 			 || test ! -s conftest.err
configure:4000: $? = 0
configure:4003: test -s conftest.o
configure:4006: $? = 0
configure:4017: result: yes
configure:3972: checking for inttypes.h
configure:3988: gcc -c -g -O2  conftest.c >&5
configure:3994: $? = 0
configure:3997: test -z 			 || test ! -s conftest.err
configure:4000: $? = 0
configure:4003: test -s conftest.o
configure:4006: $? = 0
configure:4017: result: yes
configure:3972: checking for stdint.h
configure:3988: gcc -c -g -O2  conftest.c >&5
configure:3994: $? = 0
configure:3997: test -z 			 || test ! -s conftest.err
configure:4000: $? = 0
configure:4003: test -s conftest.o
configure:4006: $? = 0
configure:4017: result: yes
configure:3972: checking for unistd.h
configure:3988: gcc -c -g -O2  conftest.c >&5
configure:3994: $? = 0
configure:3997: test -z 			 || test ! -s conftest.err
configure:4000: $? = 0
configure:4003: test -s conftest.o
configure:4006: $? = 0
configure:4017: result: yes
configure:4039: checking minix/config.h usability
configure:4051: gcc -c -g -O2  conftest.c >&5
conftest.c:59:26: error: minix/config.h: No such file or directory
configure:4057: $? = 1
configure: failed program was:
| /* confdefs.h.  */
| 
| #define PACKAGE_NAME "protobuf"
| #define PACKAGE_TARNAME "protobuf"
| #define PACKAGE_VERSION "2.0.3"
| #define PACKAGE_STRING "protobuf 2.0.3"
| #define PACKAGE_BUGREPORT "protobuf@googlegroups.com"
| #define PACKAGE "protobuf"
| #define VERSION "2.0.3"
| #ifdef __cplusplus
| extern "C" void std::exit (int); using std::exit;
| #endif
| #define _GNU_SOURCE 1
| #define STDC_HEADERS 1
| #define HAVE_SYS_TYPES_H 1
| #define HAVE_SYS_STAT_H 1
| #define HAVE_STDLIB_H 1
| #define HAVE_STRING_H 1
| #define HAVE_MEMORY_H 1
| #define HAVE_STRINGS_H 1
| #define HAVE_INTTYPES_H 1
| #define HAVE_STDINT_H 1
| #define HAVE_UNISTD_H 1
| /* end confdefs.h.  */
| #include <stdio.h>
| #if HAVE_SYS_TYPES_H
| # include <sys/types.h>
| #endif
| #if HAVE_SYS_STAT_H
| # include <sys/stat.h>
| #endif
| #if STDC_HEADERS
| # include <stdlib.h>
| # include <stddef.h>
| #else
| # if HAVE_STDLIB_H
| #  include <stdlib.h>
| # endif
| #endif
| #if HAVE_STRING_H
| # if !STDC_HEADERS && HAVE_MEMORY_H
| #  include <memory.h>
| # endif
| # include <string.h>
| #endif
| #if HAVE_STRINGS_H
| # include <strings.h>
| #endif
| #if HAVE_INTTYPES_H
| # include <inttypes.h>
| #else
| # if HAVE_STDINT_H
| #  include <stdint.h>
| # endif
| #endif
| #if HAVE_UNISTD_H
| # include <unistd.h>
| #endif
| #include <minix/config.h>
configure:4079: result: no
configure:4083: checking minix/config.h presence
configure:4093: gcc -E  conftest.c
conftest.c:25:26: error: minix/config.h: No such file or directory
configure:4099: $? = 1
configure: failed program was:
| /* confdefs.h.  */
| 
| #define PACKAGE_NAME "protobuf"
| #define PACKAGE_TARNAME "protobuf"
| #define PACKAGE_VERSION "2.0.3"
| #define PACKAGE_STRING "protobuf 2.0.3"
| #define PACKAGE_BUGREPORT "protobuf@googlegroups.com"
| #define PACKAGE "protobuf"
| #define VERSION "2.0.3"
| #ifdef __cplusplus
| extern "C" void std::exit (int); using std::exit;
| #endif
| #define _GNU_SOURCE 1
| #define STDC_HEADERS 1
| #define HAVE_SYS_TYPES_H 1
| #define HAVE_SYS_STAT_H 1
| #define HAVE_STDLIB_H 1
| #define HAVE_STRING_H 1
| #define HAVE_MEMORY_H 1
| #define HAVE_STRINGS_H 1
| #define HAVE_INTTYPES_H 1
| #define HAVE_STDINT_H 1
| #define HAVE_UNISTD_H 1
| /* end confdefs.h.  */
| #include <minix/config.h>
configure:4119: result: no
configure:4154: checking for minix/config.h
configure:4161: result: no
configure:4201: checking whether it is safe to define __EXTENSIONS__
configure:4224: gcc -c -g -O2  conftest.c >&5
configure:4230: $? = 0
configure:4233: test -z 			 || test ! -s conftest.err
configure:4236: $? = 0
configure:4239: test -s conftest.o
configure:4242: $? = 0
configure:4253: result: yes
configure:4301: checking build system type
configure:4319: result: i686-apple-darwin9.7.0
configure:4327: checking host system type
configure:4341: result: i686-apple-darwin9.7.0
configure:4349: checking for a sed that does not truncate output
configure:4405: result: /usr/bin/sed
configure:4421: checking for fgrep
configure:4431: result: grep -F
configure:4466: checking for ld used by gcc
configure:4533: result: /usr/libexec/gcc/i686-apple-darwin9/4.0.1/ld
configure:4542: checking if the linker (/usr/libexec/gcc/i686-apple-darwin9/4.0.1/ld) is GNU ld
configure:4557: result: no
configure:4569: checking for BSD- or MS-compatible name lister (nm)
configure:4618: result: /usr/bin/nm -p
configure:4723: checking the name lister (/usr/bin/nm -p) interface
configure:4730: gcc -c -g -O2  conftest.c >&5
configure:4733: /usr/bin/nm -p "conftest.o"
configure:4736: output
00000174 D _some_variable
configure:4743: result: BSD nm
configure:4746: checking whether ln -s works
configure:4750: result: yes
configure:4758: checking the maximum length of command line arguments
configure:4878: result: 196608
configure:4895: checking whether the shell understands some XSI constructs
configure:4905: result: yes
configure:4909: checking whether the shell understands "+="
configure:4915: result: yes
configure:4950: checking for /usr/libexec/gcc/i686-apple-darwin9/4.0.1/ld option to reload object files
configure:4957: result: -r
configure:4984: checking how to recognize dependent libraries
configure:5174: result: pass_all
configure:5232: checking for ar
configure:5248: found /usr/bin/ar
configure:5259: result: ar
configure:5325: checking for strip
configure:5341: found /usr/bin/strip
configure:5352: result: strip
configure:5412: checking for ranlib
configure:5428: found /usr/bin/ranlib
configure:5439: result: ranlib
configure:5519: checking command to parse /usr/bin/nm -p output from gcc object
configure:5637: gcc -c -g -O2  conftest.c >&5
configure:5640: $? = 0
configure:5644: /usr/bin/nm -p conftest.o \| sed -n -e 's/^.*[	 ]\([BCDEGRST][BCDEGRST]*\)[	 ][	 ]*\([_A-Za-z][_A-Za-z0-9]*\)$/\1 \2 \2/p' \> conftest.nm
configure:5647: $? = 0
cannot find nm_test_var in conftest.nm
configure:5637: gcc -c -g -O2  conftest.c >&5
configure:5640: $? = 0
configure:5644: /usr/bin/nm -p conftest.o \| sed -n -e 's/^.*[	 ]\([BCDEGRST][BCDEGRST]*\)[	 ][	 ]*_\([_A-Za-z][_A-Za-z0-9]*\)$/\1 _\2 \2/p' \> conftest.nm
configure:5647: $? = 0
configure:5701: gcc -o conftest -g -O2   conftest.c conftstm.o >&5
configure:5704: $? = 0
configure:5742: result: ok
configure:6031: checking for dsymutil
configure:6047: found /usr/bin/dsymutil
configure:6058: result: dsymutil
configure:6111: checking for nmedit
configure:6127: found /usr/bin/nmedit
configure:6138: result: nmedit
configure:6191: checking for lipo
configure:6207: found /usr/bin/lipo
configure:6218: result: lipo
configure:6271: checking for otool
configure:6287: found /usr/bin/otool
configure:6298: result: otool
configure:6351: checking for otool64
configure:6378: result: :
configure:6416: checking for -single_module linker flag
gcc -g -O2  -o libconftest.dylib -dynamiclib -Wl,-single_module conftest.c
configure:6443: result: yes
configure:6445: checking for -exported_symbols_list linker flag
configure:6470: gcc -o conftest -g -O2   -Wl,-exported_symbols_list,conftest.sym conftest.c  >&5
configure:6476: $? = 0
configure:6479: test -z 			 || test ! -s conftest.err
configure:6482: $? = 0
configure:6485: test -s conftest
configure:6488: $? = 0
configure:6502: result: yes
configure:6543: checking for dlfcn.h
configure:6559: gcc -c -g -O2  conftest.c >&5
configure:6565: $? = 0
configure:6568: test -z 			 || test ! -s conftest.err
configure:6571: $? = 0
configure:6574: test -s conftest.o
configure:6577: $? = 0
configure:6588: result: yes
configure:6695: checking for C++ compiler version
configure:6698: g++ --version </dev/null >&5
i686-apple-darwin9-g++-4.0.1 (GCC) 4.0.1 (Apple Inc. build 5493)
Copyright (C) 2005 Free Software Foundation, Inc.
This is free software; see the source for copying conditions.  There is NO
warranty; not even for MERCHANTABILITY or FITNESS FOR A PARTICULAR PURPOSE.

configure:6701: $? = 0
configure:6703: g++ -v </dev/null >&5
Using built-in specs.
Target: i686-apple-darwin9
Configured with: /var/tmp/gcc/gcc-5493~1/src/configure --disable-checking -enable-werror --prefix=/usr --mandir=/share/man --enable-languages=c,objc,c++,obj-c++ --program-transform-name=/^[cg][^.-]*$/s/$/-4.0/ --with-gxx-include-dir=/include/c++/4.0.0 --with-slibdir=/usr/lib --build=i686-apple-darwin9 --with-arch=apple --with-tune=generic --host=i686-apple-darwin9 --target=i686-apple-darwin9
Thread model: posix
gcc version 4.0.1 (Apple Inc. build 5493)
configure:6706: $? = 0
configure:6708: g++ -V </dev/null >&5
g++-4.0: argument to `-V' is missing
configure:6711: $? = 1
configure:6714: checking whether we are using the GNU C++ compiler
configure:6769: result: yes
configure:6775: checking whether g++ accepts -g
configure:6825: result: yes
configure:6867: g++ -c -g -O2  conftest.cc >&5
configure:6873: $? = 0
configure:6876: test -z 			 || test ! -s conftest.err
configure:6879: $? = 0
configure:6882: test -s conftest.o
configure:6885: $? = 0
configure:6911: g++ -c -g -O2  conftest.cc >&5
configure:6917: $? = 0
configure:6920: test -z 			 || test ! -s conftest.err
configure:6923: $? = 0
configure:6926: test -s conftest.o
configure:6929: $? = 0
configure:6954: checking dependency style of g++
configure:7044: result: gcc3
configure:7069: checking how to run the C++ preprocessor
configure:7100: g++ -E  conftest.cc
configure:7106: $? = 0
configure:7138: g++ -E  conftest.cc
conftest.cc:29:28: error: ac_nonexistent.h: No such file or directory
configure:7144: $? = 1
configure: failed program was:
| /* confdefs.h.  */
| 
| #define PACKAGE_NAME "protobuf"
| #define PACKAGE_TARNAME "protobuf"
| #define PACKAGE_VERSION "2.0.3"
| #define PACKAGE_STRING "protobuf 2.0.3"
| #define PACKAGE_BUGREPORT "protobuf@googlegroups.com"
| #define PACKAGE "protobuf"
| #define VERSION "2.0.3"
| #ifdef __cplusplus
| extern "C" void std::exit (int); using std::exit;
| #endif
| #define _GNU_SOURCE 1
| #define STDC_HEADERS 1
| #define HAVE_SYS_TYPES_H 1
| #define HAVE_SYS_STAT_H 1
| #define HAVE_STDLIB_H 1
| #define HAVE_STRING_H 1
| #define HAVE_MEMORY_H 1
| #define HAVE_STRINGS_H 1
| #define HAVE_INTTYPES_H 1
| #define HAVE_STDINT_H 1
| #define HAVE_UNISTD_H 1
| #define __EXTENSIONS__ 1
| #define _POSIX_PTHREAD_SEMANTICS 1
| #define _TANDEM_SOURCE 1
| #define HAVE_DLFCN_H 1
| /* end confdefs.h.  */
| #include <ac_nonexistent.h>
configure:7183: result: g++ -E
configure:7207: g++ -E  conftest.cc
configure:7213: $? = 0
configure:7245: g++ -E  conftest.cc
conftest.cc:29:28: error: ac_nonexistent.h: No such file or directory
configure:7251: $? = 1
configure: failed program was:
| /* confdefs.h.  */
| 
| #define PACKAGE_NAME "protobuf"
| #define PACKAGE_TARNAME "protobuf"
| #define PACKAGE_VERSION "2.0.3"
| #define PACKAGE_STRING "protobuf 2.0.3"
| #define PACKAGE_BUGREPORT "protobuf@googlegroups.com"
| #define PACKAGE "protobuf"
| #define VERSION "2.0.3"
| #ifdef __cplusplus
| extern "C" void std::exit (int); using std::exit;
| #endif
| #define _GNU_SOURCE 1
| #define STDC_HEADERS 1
| #define HAVE_SYS_TYPES_H 1
| #define HAVE_SYS_STAT_H 1
| #define HAVE_STDLIB_H 1
| #define HAVE_STRING_H 1
| #define HAVE_MEMORY_H 1
| #define HAVE_STRINGS_H 1
| #define HAVE_INTTYPES_H 1
| #define HAVE_STDINT_H 1
| #define HAVE_UNISTD_H 1
| #define __EXTENSIONS__ 1
| #define _POSIX_PTHREAD_SEMANTICS 1
| #define _TANDEM_SOURCE 1
| #define HAVE_DLFCN_H 1
| /* end confdefs.h.  */
| #include <ac_nonexistent.h>
configure:7469: checking for objdir
configure:7484: result: .libs
configure:7780: checking if gcc supports -fno-rtti -fno-exceptions
configure:7798: gcc -c -g -O2  -fno-rtti -fno-exceptions conftest.c >&5
cc1: warning: command line option "-fno-rtti" is valid for C++/ObjC++ but not for C
configure:7802: $? = 0
configure:7815: result: no
configure:7835: checking for gcc option to produce PIC
configure:8092: result: -fno-common -DPIC
configure:8104: checking if gcc PIC flag -fno-common -DPIC works
configure:8122: gcc -c -g -O2  -fno-common -DPIC -DPIC conftest.c >&5
configure:8126: $? = 0
configure:8139: result: yes
configure:8163: checking if gcc static flag -static works
configure:8191: result: no
configure:8206: checking if gcc supports -c -o file.o
configure:8227: gcc -c -g -O2  -o out/conftest2.o conftest.c >&5
configure:8231: $? = 0
configure:8253: result: yes
configure:8261: checking if gcc supports -c -o file.o
configure:8308: result: yes
configure:8341: checking whether the gcc linker (/usr/libexec/gcc/i686-apple-darwin9/4.0.1/ld) supports shared libraries
configure:9398: result: yes
configure:9637: checking dynamic linker characteristics
configure:10317: result: darwin9.7.0 dyld
configure:10419: checking how to hardcode library paths into programs
configure:10444: result: immediate
configure:11283: checking whether stripping libraries is possible
configure:11297: result: yes
configure:11323: checking if libtool supports shared libraries
configure:11325: result: yes
configure:11328: checking whether to build shared libraries
configure:11349: result: yes
configure:11352: checking whether to build static libraries
configure:11356: result: yes
configure:11506: checking for ld used by g++
configure:11573: result: /usr/libexec/gcc/i686-apple-darwin9/4.0.1/ld
configure:11582: checking if the linker (/usr/libexec/gcc/i686-apple-darwin9/4.0.1/ld) is GNU ld
configure:11597: result: no
configure:11652: checking whether the g++ linker (/usr/libexec/gcc/i686-apple-darwin9/4.0.1/ld) supports shared libraries
configure:12616: result: yes
configure:12644: g++ -c -g -O2  conftest.cpp >&5
configure:12647: $? = 0
configure:12829: checking for g++ option to produce PIC
configure:13138: result: -fno-common -DPIC
configure:13147: checking if g++ PIC flag -fno-common -DPIC works
configure:13165: g++ -c -g -O2  -fno-common -DPIC -DPIC conftest.cpp >&5
configure:13169: $? = 0
configure:13182: result: yes
configure:13203: checking if g++ static flag -static works
configure:13231: result: no
configure:13243: checking if g++ supports -c -o file.o
configure:13264: g++ -c -g -O2  -o out/conftest2.o conftest.cpp >&5
configure:13268: $? = 0
configure:13290: result: yes
configure:13295: checking if g++ supports -c -o file.o
configure:13342: result: yes
configure:13372: checking whether the g++ linker (/usr/libexec/gcc/i686-apple-darwin9/4.0.1/ld) supports shared libraries
configure:13398: result: yes
configure:13535: checking dynamic linker characteristics
configure:14163: result: darwin9.7.0 dyld
configure:14214: checking how to hardcode library paths into programs
configure:14239: result: immediate
configure:14307: checking whether __SUNPRO_C is declared
configure:14331: gcc -c -g -O2  conftest.c >&5
conftest.c: In function 'main':
conftest.c:68: error: '__SUNPRO_C' undeclared (first use in this function)
conftest.c:68: error: (Each undeclared identifier is reported only once
conftest.c:68: error: for each function it appears in.)
configure:14337: $? = 1
configure: failed program was:
| /* confdefs.h.  */
| 
| #define PACKAGE_NAME "protobuf"
| #define PACKAGE_TARNAME "protobuf"
| #define PACKAGE_VERSION "2.0.3"
| #define PACKAGE_STRING "protobuf 2.0.3"
| #define PACKAGE_BUGREPORT "protobuf@googlegroups.com"
| #define PACKAGE "protobuf"
| #define VERSION "2.0.3"
| #ifdef __cplusplus
| extern "C" void std::exit (int); using std::exit;
| #endif
| #define _GNU_SOURCE 1
| #define STDC_HEADERS 1
| #define HAVE_SYS_TYPES_H 1
| #define HAVE_SYS_STAT_H 1
| #define HAVE_STDLIB_H 1
| #define HAVE_STRING_H 1
| #define HAVE_MEMORY_H 1
| #define HAVE_STRINGS_H 1
| #define HAVE_INTTYPES_H 1
| #define HAVE_STDINT_H 1
| #define HAVE_UNISTD_H 1
| #define __EXTENSIONS__ 1
| #define _POSIX_PTHREAD_SEMANTICS 1
| #define _TANDEM_SOURCE 1
| #define HAVE_DLFCN_H 1
| #define LT_OBJDIR ".libs/"
| /* end confdefs.h.  */
| #include <stdio.h>
| #if HAVE_SYS_TYPES_H
| # include <sys/types.h>
| #endif
| #if HAVE_SYS_STAT_H
| # include <sys/stat.h>
| #endif
| #if STDC_HEADERS
| # include <stdlib.h>
| # include <stddef.h>
| #else
| # if HAVE_STDLIB_H
| #  include <stdlib.h>
| # endif
| #endif
| #if HAVE_STRING_H
| # if !STDC_HEADERS && HAVE_MEMORY_H
| #  include <memory.h>
| # endif
| # include <string.h>
| #endif
| #if HAVE_STRINGS_H
| # include <strings.h>
| #endif
| #if HAVE_INTTYPES_H
| # include <inttypes.h>
| #else
| # if HAVE_STDINT_H
| #  include <stdint.h>
| # endif
| #endif
| #if HAVE_UNISTD_H
| # include <unistd.h>
| #endif
| int
| main ()
| {
| #ifndef __SUNPRO_C
|   char *p = (char *) __SUNPRO_C;
| #endif
| 
|   ;
|   return 0;
| }
configure:14360: result: no
configure:14379: checking for ANSI C header files
configure:14534: result: yes
configure:14562: checking fcntl.h usability
configure:14574: gcc -c -g -O2  conftest.c >&5
configure:14580: $? = 0
configure:14583: test -z 			 || test ! -s conftest.err
configure:14586: $? = 0
configure:14589: test -s conftest.o
configure:14592: $? = 0
configure:14602: result: yes
configure:14606: checking fcntl.h presence
configure:14616: gcc -E  conftest.c
configure:14622: $? = 0
configure:14642: result: yes
configure:14677: checking for fcntl.h
configure:14684: result: yes
configure:14553: checking for inttypes.h
configure:14558: result: yes
configure:14562: checking limits.h usability
configure:14574: gcc -c -g -O2  conftest.c >&5
configure:14580: $? = 0
configure:14583: test -z 			 || test ! -s conftest.err
configure:14586: $? = 0
configure:14589: test -s conftest.o
configure:14592: $? = 0
configure:14602: result: yes
configure:14606: checking limits.h presence
configure:14616: gcc -E  conftest.c
configure:14622: $? = 0
configure:14642: result: yes
configure:14677: checking for limits.h
configure:14684: result: yes
configure:14553: checking for stdlib.h
configure:14558: result: yes
configure:14553: checking for unistd.h
configure:14558: result: yes
configure:14699: checking for working memcmp
configure:14747: gcc -o conftest -g -O2   conftest.c  >&5
configure:14750: $? = 0
configure:14752: ./conftest
configure:14755: $? = 0
configure:14769: result: yes
configure:14780: checking for working strtod
configure:14823: gcc -o conftest -g -O2   conftest.c  >&5
conftest.c: In function 'main':
conftest.c:48: warning: incompatible implicit declaration of built-in function 'exit'
conftest.c:58: warning: incompatible implicit declaration of built-in function 'exit'
conftest.c:60: warning: incompatible implicit declaration of built-in function 'exit'
configure:14826: $? = 0
configure:14828: ./conftest
configure:14831: $? = 0
configure:14845: result: yes
configure:15030: checking for ftruncate
configure:15087: gcc -o conftest -g -O2   conftest.c  >&5
configure:15093: $? = 0
configure:15096: test -z 			 || test ! -s conftest.err
configure:15099: $? = 0
configure:15102: test -s conftest
configure:15105: $? = 0
configure:15117: result: yes
configure:15030: checking for memset
configure:15087: gcc -o conftest -g -O2   conftest.c  >&5
conftest.c:61: warning: conflicting types for built-in function 'memset'
configure:15093: $? = 0
configure:15096: test -z 			 || test ! -s conftest.err
configure:15099: $? = 0
configure:15102: test -s conftest
configure:15105: $? = 0
configure:15117: result: yes
configure:15030: checking for mkdir
configure:15087: gcc -o conftest -g -O2   conftest.c  >&5
configure:15093: $? = 0
configure:15096: test -z 			 || test ! -s conftest.err
configure:15099: $? = 0
configure:15102: test -s conftest
configure:15105: $? = 0
configure:15117: result: yes
configure:15030: checking for strchr
configure:15087: gcc -o conftest -g -O2   conftest.c  >&5
conftest.c:63: warning: conflicting types for built-in function 'strchr'
configure:15093: $? = 0
configure:15096: test -z 			 || test ! -s conftest.err
configure:15099: $? = 0
configure:15102: test -s conftest
configure:15105: $? = 0
configure:15117: result: yes
configure:15030: checking for strerror
configure:15087: gcc -o conftest -g -O2   conftest.c  >&5
configure:15093: $? = 0
configure:15096: test -z 			 || test ! -s conftest.err
configure:15099: $? = 0
configure:15102: test -s conftest
configure:15105: $? = 0
configure:15117: result: yes
configure:15030: checking for strtol
configure:15087: gcc -o conftest -g -O2   conftest.c  >&5
configure:15093: $? = 0
configure:15096: test -z 			 || test ! -s conftest.err
configure:15099: $? = 0
configure:15102: test -s conftest
configure:15105: $? = 0
configure:15117: result: yes
configure:15320: checking for the pthreads library -lpthreads
configure:15358: gcc -o conftest -g -O2    conftest.c -lpthreads  >&5
ld: library not found for -lpthreads
collect2: ld returned 1 exit status
configure:15364: $? = 1
configure: failed program was:
| /* confdefs.h.  */
| 
| #define PACKAGE_NAME "protobuf"
| #define PACKAGE_TARNAME "protobuf"
| #define PACKAGE_VERSION "2.0.3"
| #define PACKAGE_STRING "protobuf 2.0.3"
| #define PACKAGE_BUGREPORT "protobuf@googlegroups.com"
| #define PACKAGE "protobuf"
| #define VERSION "2.0.3"
| #ifdef __cplusplus
| extern "C" void std::exit (int); using std::exit;
| #endif
| #define _GNU_SOURCE 1
| #define STDC_HEADERS 1
| #define HAVE_SYS_TYPES_H 1
| #define HAVE_SYS_STAT_H 1
| #define HAVE_STDLIB_H 1
| #define HAVE_STRING_H 1
| #define HAVE_MEMORY_H 1
| #define HAVE_STRINGS_H 1
| #define HAVE_INTTYPES_H 1
| #define HAVE_STDINT_H 1
| #define HAVE_UNISTD_H 1
| #define __EXTENSIONS__ 1
| #define _POSIX_PTHREAD_SEMANTICS 1
| #define _TANDEM_SOURCE 1
| #define HAVE_DLFCN_H 1
| #define LT_OBJDIR ".libs/"
| #define STDC_HEADERS 1
| #define HAVE_FCNTL_H 1
| #define HAVE_INTTYPES_H 1
| #define HAVE_LIMITS_H 1
| #define HAVE_STDLIB_H 1
| #define HAVE_UNISTD_H 1
| #define HAVE_FTRUNCATE 1
| #define HAVE_MEMSET 1
| #define HAVE_MKDIR 1
| #define HAVE_STRCHR 1
| #define HAVE_STRERROR 1
| #define HAVE_STRTOL 1
| /* end confdefs.h.  */
| #include <pthread.h>
| int
| main ()
| {
| pthread_t th; pthread_join(th, 0);
|                      pthread_attr_init(0); pthread_cleanup_push(0, 0);
|                      pthread_create(0,0,0,0); pthread_cleanup_pop(0);
|   ;
|   return 0;
| }
configure:15390: result: no
configure:15267: checking whether pthreads work without any flags
configure:15358: gcc -o conftest -g -O2    conftest.c   >&5
configure:15364: $? = 0
configure:15367: test -z 			 || test ! -s conftest.err
configure:15370: $? = 0
configure:15373: test -s conftest
configure:15376: $? = 0
configure:15390: result: yes
configure:15409: checking for joinable pthread attribute
configure:15429: gcc -o conftest -g -O2    conftest.c   >&5
configure:15435: $? = 0
configure:15438: test -z 			 || test ! -s conftest.err
configure:15441: $? = 0
configure:15444: test -s conftest
configure:15447: $? = 0
configure:15458: result: PTHREAD_CREATE_JOINABLE
configure:15468: checking if more special flags are required for pthreads
configure:15475: result: -D_THREAD_SAFE
configure:15562: checking whether to check for GCC pthread/shared inconsistencies
configure:15580: gcc -o conftest -shared -fPIC -Wl,-z,defs -g -O2 -D_THREAD_SAFE    conftest.c   >&5
ld: unknown option: -z
collect2: ld returned 1 exit status
configure:15586: $? = 1
configure: failed program was:
| /* confdefs.h.  */
| 
| #define PACKAGE_NAME "protobuf"
| #define PACKAGE_TARNAME "protobuf"
| #define PACKAGE_VERSION "2.0.3"
| #define PACKAGE_STRING "protobuf 2.0.3"
| #define PACKAGE_BUGREPORT "protobuf@googlegroups.com"
| #define PACKAGE "protobuf"
| #define VERSION "2.0.3"
| #ifdef __cplusplus
| extern "C" void std::exit (int); using std::exit;
| #endif
| #define _GNU_SOURCE 1
| #define STDC_HEADERS 1
| #define HAVE_SYS_TYPES_H 1
| #define HAVE_SYS_STAT_H 1
| #define HAVE_STDLIB_H 1
| #define HAVE_STRING_H 1
| #define HAVE_MEMORY_H 1
| #define HAVE_STRINGS_H 1
| #define HAVE_INTTYPES_H 1
| #define HAVE_STDINT_H 1
| #define HAVE_UNISTD_H 1
| #define __EXTENSIONS__ 1
| #define _POSIX_PTHREAD_SEMANTICS 1
| #define _TANDEM_SOURCE 1
| #define HAVE_DLFCN_H 1
| #define LT_OBJDIR ".libs/"
| #define STDC_HEADERS 1
| #define HAVE_FCNTL_H 1
| #define HAVE_INTTYPES_H 1
| #define HAVE_LIMITS_H 1
| #define HAVE_STDLIB_H 1
| #define HAVE_UNISTD_H 1
| #define HAVE_FTRUNCATE 1
| #define HAVE_MEMSET 1
| #define HAVE_MKDIR 1
| #define HAVE_STRCHR 1
| #define HAVE_STRERROR 1
| #define HAVE_STRTOL 1
| /* end confdefs.h.  */
| 
| int
| main ()
| {
| 
|   ;
|   return 0;
| }
configure:15611: result: no
configure:15844: checking the location of hash_map
configure:15874: g++ -c -g -O2  conftest.cc >&5
configure:15880: $? = 0
configure:15883: test -z 			 || test ! -s conftest.err
configure:15886: $? = 0
configure:15889: test -s conftest.o
configure:15892: $? = 0
configure:15932: result: <ext/hash_map>
configure:16074: creating ./config.status

## ---------------------- ##
## Running config.status. ##
## ---------------------- ##

This file was extended by protobuf config.status 2.0.3, which was
generated by GNU Autoconf 2.59.  Invocation command line was

  CONFIG_FILES    = 
  CONFIG_HEADERS  = 
  CONFIG_LINKS    = 
  CONFIG_COMMANDS = 
  $ ./config.status 

on cymac

config.status:1011: creating Makefile
config.status:1011: creating src/Makefile
config.status:1077: creating config.h
config.status:1429: executing depfiles commands
config.status:1429: executing libtool commands

## ---------------- ##
## Cache variables. ##
## ---------------- ##

ac_cv_build=i686-apple-darwin9.7.0
ac_cv_build_alias=i686-apple-darwin9.7.0
ac_cv_c_compiler_gnu=yes
ac_cv_cxx_compiler_gnu=yes
ac_cv_cxx_hash_map='<ext/hash_map>'
ac_cv_cxx_hash_namespace=__gnu_cxx
ac_cv_cxx_hash_set='<ext/hash_set>'
ac_cv_env_CC_set=
ac_cv_env_CC_value=
ac_cv_env_CFLAGS_set=
ac_cv_env_CFLAGS_value=
ac_cv_env_CPPFLAGS_set=
ac_cv_env_CPPFLAGS_value=
ac_cv_env_CPP_set=
ac_cv_env_CPP_value=
ac_cv_env_CXXCPP_set=
ac_cv_env_CXXCPP_value=
ac_cv_env_CXXFLAGS_set=
ac_cv_env_CXXFLAGS_value=
ac_cv_env_CXX_set=
ac_cv_env_CXX_value=
ac_cv_env_LDFLAGS_set=
ac_cv_env_LDFLAGS_value=
ac_cv_env_build_alias_set=
ac_cv_env_build_alias_value=
ac_cv_env_host_alias_set=
ac_cv_env_host_alias_value=
ac_cv_env_target_alias_set=
ac_cv_env_target_alias_value=
ac_cv_exeext=
ac_cv_func_ftruncate=yes
ac_cv_func_memcmp_working=yes
ac_cv_func_memset=yes
ac_cv_func_mkdir=yes
ac_cv_func_strchr=yes
ac_cv_func_strerror=yes
ac_cv_func_strtod=yes
ac_cv_func_strtol=yes
ac_cv_have_decl___SUNPRO_C=no
ac_cv_header_dlfcn_h=yes
ac_cv_header_fcntl_h=yes
ac_cv_header_inttypes_h=yes
ac_cv_header_limits_h=yes
ac_cv_header_memory_h=yes
ac_cv_header_minix_config_h=no
ac_cv_header_stdc=yes
ac_cv_header_stdint_h=yes
ac_cv_header_stdlib_h=yes
ac_cv_header_string_h=yes
ac_cv_header_strings_h=yes
ac_cv_header_sys_stat_h=yes
ac_cv_header_sys_types_h=yes
ac_cv_header_unistd_h=yes
ac_cv_host=i686-apple-darwin9.7.0
ac_cv_host_alias=i686-apple-darwin9.7.0
ac_cv_objext=o
ac_cv_path_install='/usr/bin/install -c'
ac_cv_prog_AWK=awk
ac_cv_prog_CPP='gcc -E'
ac_cv_prog_CXXCPP='g++ -E'
ac_cv_prog_ac_ct_AR=ar
ac_cv_prog_ac_ct_CC=gcc
ac_cv_prog_ac_ct_CXX=g++
ac_cv_prog_ac_ct_DSYMUTIL=dsymutil
ac_cv_prog_ac_ct_LIPO=lipo
ac_cv_prog_ac_ct_NMEDIT=nmedit
ac_cv_prog_ac_ct_OTOOL=otool
ac_cv_prog_ac_ct_OTOOL64=:
ac_cv_prog_ac_ct_RANLIB=ranlib
ac_cv_prog_ac_ct_STRIP=strip
ac_cv_prog_cc_g=yes
ac_cv_prog_cc_stdc=
ac_cv_prog_cxx_g=yes
ac_cv_prog_egrep='grep -E'
ac_cv_prog_fgrep='grep -F'
ac_cv_prog_make_make_set=yes
ac_cv_safe_to_define___extensions__=yes
am_cv_CC_dependencies_compiler_type=gcc3
am_cv_CXX_dependencies_compiler_type=gcc3
lt_cv_apple_cc_single_mod=yes
lt_cv_deplibs_check_method=pass_all
lt_cv_file_magic_cmd='$MAGIC_CMD'
lt_cv_file_magic_test_file=
lt_cv_ld_exported_symbols_list=yes
lt_cv_ld_reload_flag=-r
lt_cv_nm_interface='BSD nm'
lt_cv_objdir=.libs
lt_cv_path_LD=/usr/libexec/gcc/i686-apple-darwin9/4.0.1/ld
lt_cv_path_LDCXX=/usr/libexec/gcc/i686-apple-darwin9/4.0.1/ld
lt_cv_path_NM='/usr/bin/nm -p'
lt_cv_path_SED=/usr/bin/sed
lt_cv_prog_compiler_c_o=yes
lt_cv_prog_compiler_c_o_CXX=yes
lt_cv_prog_compiler_pic_works=yes
lt_cv_prog_compiler_pic_works_CXX=yes
lt_cv_prog_compiler_rtti_exceptions=no
lt_cv_prog_compiler_static_works=no
lt_cv_prog_compiler_static_works_CXX=no
lt_cv_prog_gnu_ld=no
lt_cv_prog_gnu_ldcxx=no
lt_cv_sys_global_symbol_pipe='sed -n -e '\''s/^.*[	 ]\([BCDEGRST][BCDEGRST]*\)[	 ][	 ]*_\([_A-Za-z][_A-Za-z0-9]*\)$/\1 _\2 \2/p'\'''
lt_cv_sys_global_symbol_to_c_name_address='sed -n -e '\''s/^: \([^ ]*\) $/  {\"\1\", (void *) 0},/p'\'' -e '\''s/^[BCDEGRST]* \([^ ]*\) \([^ ]*\)$/  {"\2", (void *) \&\2},/p'\'''
lt_cv_sys_global_symbol_to_c_name_address_lib_prefix='sed -n -e '\''s/^: \([^ ]*\) $/  {\"\1\", (void *) 0},/p'\'' -e '\''s/^[BCDEGRST]* \([^ ]*\) \(lib[^ ]*\)$/  {"\2", (void *) \&\2},/p'\'' -e '\''s/^[BCDEGRST]* \([^ ]*\) \([^ ]*\)$/  {"lib\2", (void *) \&\2},/p'\'''
lt_cv_sys_global_symbol_to_cdecl='sed -n -e '\''s/^T .* \(.*\)$/extern int \1();/p'\'' -e '\''s/^[BCDEGRST]* .* \(.*\)$/extern char \1;/p'\'''
lt_cv_sys_max_cmd_len=196608

## ----------------- ##
## Output variables. ##
## ----------------- ##

ACLOCAL='${SHELL} /Projects/metasyntactic/trunk/protobuf-2.0.3.bak/missing --run aclocal-1.9'
AMDEPBACKSLASH='\'
AMDEP_FALSE='#'
AMDEP_TRUE=''
AMTAR='${SHELL} /Projects/metasyntactic/trunk/protobuf-2.0.3.bak/missing --run tar'
AR='ar'
AUTOCONF='${SHELL} /Projects/metasyntactic/trunk/protobuf-2.0.3.bak/missing --run autoconf'
AUTOHEADER='${SHELL} /Projects/metasyntactic/trunk/protobuf-2.0.3.bak/missing --run autoheader'
AUTOMAKE='${SHELL} /Projects/metasyntactic/trunk/protobuf-2.0.3.bak/missing --run automake-1.9'
AWK='awk'
CC='gcc'
CCDEPMODE='depmode=gcc3'
CFLAGS='-g -O2'
CPP='gcc -E'
CPPFLAGS=''
CXX='g++'
CXXCPP='g++ -E'
CXXDEPMODE='depmode=gcc3'
CXXFLAGS='-g -O2'
CYGPATH_W='echo'
DEFS='-DHAVE_CONFIG_H'
DEPDIR='.deps'
DSYMUTIL='dsymutil'
DUMPBIN=''
ECHO_C='ECHO_N=''
ECHO_T=''
EGREP='grep -E'
EXEEXT=''
FGREP='grep -F'
GCC_FALSE='#'
GCC_TRUE=''
GREP='grep'
INSTALL_DATA='${INSTALL} -m 644'
INSTALL_PROGRAM='${INSTALL}'
INSTALL_SCRIPT='${INSTALL}'
INSTALL_STRIP_PROGRAM='${SHELL} $(install_sh) -c -s'
LD='/usr/libexec/gcc/i686-apple-darwin9/4.0.1/ld'
LDFLAGS=''
LIBOBJS=''
LIBS=''
LIBTOOL='$(SHELL) $(top_builddir)/libtool'
LIPO='lipo'
LN_S='ln -s'
LTLIBOBJS=''
MAKEINFO='${SHELL} /Projects/metasyntactic/trunk/protobuf-2.0.3.bak/missing --run makeinfo'
NM='/usr/bin/nm -p'
NMEDIT='nmedit'
OBJEXT='o'
OTOOL64=':'
OTOOL='otool'
PACKAGE='protobuf'
PACKAGE_BUGREPORT='protobuf@googlegroups.com'
PACKAGE_NAME='protobuf'
PACKAGE_STRING='protobuf 2.0.3'
PACKAGE_TARNAME='protobuf'
PACKAGE_VERSION='2.0.3'
PATH_SEPARATOR=':'
POW_LIB=''
PTHREAD_CC='gcc'
PTHREAD_CFLAGS='-D_THREAD_SAFE '
PTHREAD_LIBS=''
RANLIB='ranlib'
SED='/usr/bin/sed'
SET_MAKE=''
SHELL='/bin/sh'
STRIP='strip'
VERSION='2.0.3'
ac_ct_AR='ar'
ac_ct_CC='gcc'
ac_ct_CXX='g++'
ac_ct_DSYMUTIL='dsymutil'
ac_ct_DUMPBIN=''
ac_ct_LIPO='lipo'
ac_ct_NMEDIT='nmedit'
ac_ct_OTOOL64=':'
ac_ct_OTOOL='otool'
ac_ct_RANLIB='ranlib'
ac_ct_STRIP='strip'
acx_pthread_config=''
am__fastdepCC_FALSE='#'
am__fastdepCC_TRUE=''
am__fastdepCXX_FALSE='#'
am__fastdepCXX_TRUE=''
am__include='include'
am__leading_dot='.'
am__quote=''
am__tar='${AMTAR} chof - "$$tardir"'
am__untar='${AMTAR} xf -'
bindir='${exec_prefix}/bin'
build='i686-apple-darwin9.7.0'
build_alias=''
build_cpu='i686'
build_os='darwin9.7.0'
build_vendor='apple'
datadir='${prefix}/share'
exec_prefix='${prefix}'
host='i686-apple-darwin9.7.0'
host_alias=''
host_cpu='i686'
host_os='darwin9.7.0'
host_vendor='apple'
includedir='${prefix}/include'
infodir='${prefix}/info'
install_sh='/Projects/metasyntactic/trunk/protobuf-2.0.3.bak/install-sh'
libdir='${exec_prefix}/lib'
libexecdir='${exec_prefix}/libexec'
localstatedir='${prefix}/var'
lt_ECHO='/bin/echo'
mandir='${prefix}/man'
mkdir_p='$(install_sh) -d'
oldincludedir='/usr/include'
prefix='/usr/local'
program_transform_name='s,x,x,'
sbindir='${exec_prefix}/sbin'
sharedstatedir='${prefix}/com'
sysconfdir='${prefix}/etc'
target_alias=''

## ----------- ##
## confdefs.h. ##
## ----------- ##

#define HASH_MAP_H <ext/hash_map>
#define HASH_NAMESPACE __gnu_cxx
#define HASH_SET_H <ext/hash_set>
#define HAVE_DLFCN_H 1
#define HAVE_FCNTL_H 1
#define HAVE_FTRUNCATE 1
#define HAVE_HASH_MAP 1
#define HAVE_HASH_SET 1
#define HAVE_INTTYPES_H 1
#define HAVE_INTTYPES_H 1
#define HAVE_LIMITS_H 1
#define HAVE_MEMORY_H 1
#define HAVE_MEMSET 1
#define HAVE_MKDIR 1
#define HAVE_PTHREAD 1
#define HAVE_STDINT_H 1
#define HAVE_STDLIB_H 1
#define HAVE_STDLIB_H 1
#define HAVE_STRCHR 1
#define HAVE_STRERROR 1
#define HAVE_STRINGS_H 1
#define HAVE_STRING_H 1
#define HAVE_STRTOL 1
#define HAVE_SYS_STAT_H 1
#define HAVE_SYS_TYPES_H 1
#define HAVE_UNISTD_H 1
#define HAVE_UNISTD_H 1
#define LT_OBJDIR ".libs/"
#define PACKAGE "protobuf"
#define PACKAGE_BUGREPORT "protobuf@googlegroups.com"
#define PACKAGE_NAME "protobuf"
#define PACKAGE_STRING "protobuf 2.0.3"
#define PACKAGE_TARNAME "protobuf"
#define PACKAGE_VERSION "2.0.3"
#define STDC_HEADERS 1
#define STDC_HEADERS 1
#define VERSION "2.0.3"
#define _GNU_SOURCE 1
#define _POSIX_PTHREAD_SEMANTICS 1
#define _TANDEM_SOURCE 1
#define __EXTENSIONS__ 1
#endif
#ifdef __cplusplus
extern "C" void std::exit (int); using std::exit;

configure: exit 0
